2025-07-04 10:54:15,375 - INFO - Starting Experiment 0 - Baseline IndoBERT with Balanced Dataset
2025-07-04 10:54:15,375 - INFO - Configuration: {'model_name': 'indobenchmark/indobert-base-p1', 'dataset_path': 'data/processed/final_dataset_shuffled.csv', 'max_length': 128, 'batch_size': 16, 'learning_rate': 2e-05, 'num_epochs': 5, 'warmup_steps': 500, 'weight_decay': 0.01, 'save_steps': 500, 'eval_steps': 500, 'logging_steps': 100, 'early_stopping_patience': 3, 'test_size': 0.2, 'validation_size': 0.1, 'random_state': 42, 'use_class_weights': True, 'stratify': True}
2025-07-04 10:54:15,378 - INFO - Loading dataset from data/processed/final_dataset_shuffled.csv
2025-07-04 10:54:15,465 - INFO - Dataset shape: (41757, 8)
2025-07-04 10:54:15,469 - INFO - Final dataset shape after cleaning: (41757, 9)
2025-07-04 10:54:15,470 - INFO - Label distribution:
2025-07-04 10:54:15,470 - INFO -   Bukan Ujaran Kebencian: 20205 (48.39%)
2025-07-04 10:54:15,470 - INFO -   Ujaran Kebencian - Sedang: 8600 (20.60%)
2025-07-04 10:54:15,470 - INFO -   Ujaran Kebencian - Berat: 6711 (16.07%)
2025-07-04 10:54:15,471 - INFO -   Ujaran Kebencian - Ringan: 6241 (14.95%)
2025-07-04 10:54:15,471 - INFO - Imbalance ratio: 3.24:1
2025-07-04 10:54:15,472 - INFO - Creating stratified splits...
2025-07-04 10:54:15,488 - INFO - Train set: 29229 samples
2025-07-04 10:54:15,488 - INFO - Validation set: 4176 samples
2025-07-04 10:54:15,488 - INFO - Test set: 8352 samples
2025-07-04 10:54:15,490 - INFO - Train distribution: {0: np.int64(14143), 1: np.int64(4369), 2: np.int64(6020), 3: np.int64(4697)}
2025-07-04 10:54:15,491 - INFO - Validation distribution: {0: np.int64(2021), 1: np.int64(624), 2: np.int64(860), 3: np.int64(671)}
2025-07-04 10:54:15,491 - INFO - Test distribution: {0: np.int64(4041), 1: np.int64(1248), 2: np.int64(1720), 3: np.int64(1343)}
2025-07-04 10:54:15,491 - INFO - Loading model: indobenchmark/indobert-base-p1
2025-07-04 10:54:17,571 - INFO - Computing class weights for balanced training...
2025-07-04 10:54:17,574 - INFO - Class weights: {0: 0.5166690349578857, 1: 1.6725223064422607, 2: 1.2138289213180542, 3: 1.5557270050048828}
2025-07-04 10:55:15,864 - INFO - Starting Experiment 0 - Baseline IndoBERT with Balanced Dataset
2025-07-04 10:55:15,864 - INFO - Configuration: {'model_name': 'indobenchmark/indobert-base-p1', 'dataset_path': 'data/processed/final_dataset_shuffled.csv', 'max_length': 128, 'batch_size': 16, 'learning_rate': 2e-05, 'num_epochs': 5, 'warmup_steps': 500, 'weight_decay': 0.01, 'save_steps': 500, 'eval_steps': 500, 'logging_steps': 100, 'early_stopping_patience': 3, 'test_size': 0.2, 'validation_size': 0.1, 'random_state': 42, 'use_class_weights': True, 'stratify': True}
2025-07-04 10:55:15,865 - INFO - Loading dataset from data/processed/final_dataset_shuffled.csv
2025-07-04 10:55:15,923 - INFO - Dataset shape: (41757, 8)
2025-07-04 10:55:15,930 - INFO - Final dataset shape after cleaning: (41757, 9)
2025-07-04 10:55:15,931 - INFO - Label distribution:
2025-07-04 10:55:15,932 - INFO -   Bukan Ujaran Kebencian: 20205 (48.39%)
2025-07-04 10:55:15,932 - INFO -   Ujaran Kebencian - Sedang: 8600 (20.60%)
2025-07-04 10:55:15,932 - INFO -   Ujaran Kebencian - Berat: 6711 (16.07%)
2025-07-04 10:55:15,932 - INFO -   Ujaran Kebencian - Ringan: 6241 (14.95%)
2025-07-04 10:55:15,932 - INFO - Imbalance ratio: 3.24:1
2025-07-04 10:55:15,933 - INFO - Creating stratified splits...
2025-07-04 10:55:15,950 - INFO - Train set: 29229 samples
2025-07-04 10:55:15,951 - INFO - Validation set: 4176 samples
2025-07-04 10:55:15,952 - INFO - Test set: 8352 samples
2025-07-04 10:55:15,952 - INFO - Train distribution: {0: np.int64(14143), 1: np.int64(4369), 2: np.int64(6020), 3: np.int64(4697)}
2025-07-04 10:55:15,952 - INFO - Validation distribution: {0: np.int64(2021), 1: np.int64(624), 2: np.int64(860), 3: np.int64(671)}
2025-07-04 10:55:15,952 - INFO - Test distribution: {0: np.int64(4041), 1: np.int64(1248), 2: np.int64(1720), 3: np.int64(1343)}
2025-07-04 10:55:15,953 - INFO - Loading model: indobenchmark/indobert-base-p1
2025-07-04 10:55:17,814 - INFO - Computing class weights for balanced training...
2025-07-04 10:55:17,817 - INFO - Class weights: {0: 0.5166690349578857, 1: 1.6725223064422607, 2: 1.2138289213180542, 3: 1.5557270050048828}
2025-07-04 10:55:18,201 - INFO - Starting training...
2025-07-04 10:55:58,468 - INFO - Starting Experiment 0 - Baseline IndoBERT with Balanced Dataset
2025-07-04 10:55:58,468 - INFO - Configuration: {'model_name': 'indobenchmark/indobert-base-p1', 'dataset_path': 'data/processed/final_dataset_shuffled.csv', 'max_length': 128, 'batch_size': 16, 'learning_rate': 2e-05, 'num_epochs': 5, 'warmup_steps': 500, 'weight_decay': 0.01, 'save_steps': 500, 'eval_steps': 500, 'logging_steps': 100, 'early_stopping_patience': 3, 'test_size': 0.2, 'validation_size': 0.1, 'random_state': 42, 'use_class_weights': True, 'stratify': True}
2025-07-04 10:55:58,469 - INFO - Loading dataset from data/processed/final_dataset_shuffled.csv
2025-07-04 10:55:58,524 - INFO - Dataset shape: (41757, 8)
2025-07-04 10:55:58,528 - INFO - Final dataset shape after cleaning: (41757, 9)
2025-07-04 10:55:58,529 - INFO - Label distribution:
2025-07-04 10:55:58,529 - INFO -   Bukan Ujaran Kebencian: 20205 (48.39%)
2025-07-04 10:55:58,529 - INFO -   Ujaran Kebencian - Sedang: 8600 (20.60%)
2025-07-04 10:55:58,529 - INFO -   Ujaran Kebencian - Berat: 6711 (16.07%)
2025-07-04 10:55:58,529 - INFO -   Ujaran Kebencian - Ringan: 6241 (14.95%)
2025-07-04 10:55:58,530 - INFO - Imbalance ratio: 3.24:1
2025-07-04 10:55:58,530 - INFO - Creating stratified splits...
2025-07-04 10:55:58,545 - INFO - Train set: 29229 samples
2025-07-04 10:55:58,545 - INFO - Validation set: 4176 samples
2025-07-04 10:55:58,545 - INFO - Test set: 8352 samples
2025-07-04 10:55:58,546 - INFO - Train distribution: {0: np.int64(14143), 1: np.int64(4369), 2: np.int64(6020), 3: np.int64(4697)}
2025-07-04 10:55:58,546 - INFO - Validation distribution: {0: np.int64(2021), 1: np.int64(624), 2: np.int64(860), 3: np.int64(671)}
2025-07-04 10:55:58,547 - INFO - Test distribution: {0: np.int64(4041), 1: np.int64(1248), 2: np.int64(1720), 3: np.int64(1343)}
2025-07-04 10:55:58,547 - INFO - Loading model: indobenchmark/indobert-base-p1
2025-07-04 10:56:00,440 - INFO - Computing class weights for balanced training...
2025-07-04 10:56:00,443 - INFO - Class weights: {0: 0.5166690349578857, 1: 1.6725223064422607, 2: 1.2138289213180542, 3: 1.5557270050048828}
2025-07-04 10:56:00,843 - INFO - Starting training...
2025-07-04 10:56:43,254 - INFO - Starting Experiment 0 - Baseline IndoBERT with Balanced Dataset
2025-07-04 10:56:43,254 - INFO - Configuration: {'model_name': 'indobenchmark/indobert-base-p1', 'dataset_path': 'data/processed/final_dataset_shuffled.csv', 'max_length': 128, 'batch_size': 16, 'learning_rate': 2e-05, 'num_epochs': 5, 'warmup_steps': 500, 'weight_decay': 0.01, 'save_steps': 500, 'eval_steps': 500, 'logging_steps': 100, 'early_stopping_patience': 3, 'test_size': 0.2, 'validation_size': 0.1, 'random_state': 42, 'use_class_weights': True, 'stratify': True}
2025-07-04 10:56:43,255 - INFO - Loading dataset from data/processed/final_dataset_shuffled.csv
2025-07-04 10:56:43,311 - INFO - Dataset shape: (41757, 8)
2025-07-04 10:56:43,317 - INFO - Final dataset shape after cleaning: (41757, 9)
2025-07-04 10:56:43,319 - INFO - Label distribution:
2025-07-04 10:56:43,319 - INFO -   Bukan Ujaran Kebencian: 20205 (48.39%)
2025-07-04 10:56:43,319 - INFO -   Ujaran Kebencian - Sedang: 8600 (20.60%)
2025-07-04 10:56:43,319 - INFO -   Ujaran Kebencian - Berat: 6711 (16.07%)
2025-07-04 10:56:43,319 - INFO -   Ujaran Kebencian - Ringan: 6241 (14.95%)
2025-07-04 10:56:43,319 - INFO - Imbalance ratio: 3.24:1
2025-07-04 10:56:43,320 - INFO - Creating stratified splits...
2025-07-04 10:56:43,335 - INFO - Train set: 29229 samples
2025-07-04 10:56:43,335 - INFO - Validation set: 4176 samples
2025-07-04 10:56:43,335 - INFO - Test set: 8352 samples
2025-07-04 10:56:43,336 - INFO - Train distribution: {0: np.int64(14143), 1: np.int64(4369), 2: np.int64(6020), 3: np.int64(4697)}
2025-07-04 10:56:43,336 - INFO - Validation distribution: {0: np.int64(2021), 1: np.int64(624), 2: np.int64(860), 3: np.int64(671)}
2025-07-04 10:56:43,337 - INFO - Test distribution: {0: np.int64(4041), 1: np.int64(1248), 2: np.int64(1720), 3: np.int64(1343)}
2025-07-04 10:56:43,337 - INFO - Loading model: indobenchmark/indobert-base-p1
2025-07-04 10:56:45,205 - INFO - Computing class weights for balanced training...
2025-07-04 10:56:45,207 - INFO - Class weights: {0: 0.5166690349578857, 1: 1.6725223064422607, 2: 1.2138289213180542, 3: 1.5557270050048828}
2025-07-04 10:56:45,540 - INFO - Starting training...
2025-07-04 10:58:30,794 - INFO - Starting Experiment 0 - Baseline IndoBERT with Balanced Dataset
2025-07-04 10:58:30,796 - INFO - Configuration: {'model_name': 'indobenchmark/indobert-base-p1', 'dataset_path': 'data/processed/final_dataset_shuffled.csv', 'max_length': 128, 'batch_size': 16, 'learning_rate': 2e-05, 'num_epochs': 5, 'warmup_steps': 500, 'weight_decay': 0.01, 'save_steps': 500, 'eval_steps': 500, 'logging_steps': 100, 'early_stopping_patience': 3, 'test_size': 0.2, 'validation_size': 0.1, 'random_state': 42, 'use_class_weights': True, 'stratify': True}
2025-07-04 10:58:30,798 - INFO - Loading dataset from data/processed/final_dataset_shuffled.csv
2025-07-04 10:58:30,856 - INFO - Dataset shape: (41757, 8)
2025-07-04 10:58:30,860 - INFO - Final dataset shape after cleaning: (41757, 9)
2025-07-04 10:58:30,861 - INFO - Label distribution:
2025-07-04 10:58:30,862 - INFO -   Bukan Ujaran Kebencian: 20205 (48.39%)
2025-07-04 10:58:30,862 - INFO -   Ujaran Kebencian - Sedang: 8600 (20.60%)
2025-07-04 10:58:30,862 - INFO -   Ujaran Kebencian - Berat: 6711 (16.07%)
2025-07-04 10:58:30,862 - INFO -   Ujaran Kebencian - Ringan: 6241 (14.95%)
2025-07-04 10:58:30,862 - INFO - Imbalance ratio: 3.24:1
2025-07-04 10:58:30,863 - INFO - Creating stratified splits...
2025-07-04 10:58:30,878 - INFO - Train set: 29229 samples
2025-07-04 10:58:30,878 - INFO - Validation set: 4176 samples
2025-07-04 10:58:30,878 - INFO - Test set: 8352 samples
2025-07-04 10:58:30,878 - INFO - Train distribution: {0: np.int64(14143), 1: np.int64(4369), 2: np.int64(6020), 3: np.int64(4697)}
2025-07-04 10:58:30,879 - INFO - Validation distribution: {0: np.int64(2021), 1: np.int64(624), 2: np.int64(860), 3: np.int64(671)}
2025-07-04 10:58:30,879 - INFO - Test distribution: {0: np.int64(4041), 1: np.int64(1248), 2: np.int64(1720), 3: np.int64(1343)}
2025-07-04 10:58:30,879 - INFO - Loading model: indobenchmark/indobert-base-p1
2025-07-04 10:58:32,744 - INFO - Computing class weights for balanced training...
2025-07-04 10:58:32,747 - INFO - Class weights: {0: 0.5166690349578857, 1: 1.6725223064422607, 2: 1.2138289213180542, 3: 1.5557270050048828}
2025-07-04 10:58:33,089 - INFO - Starting training...
2025-07-04 10:59:02,922 - INFO - Starting Experiment 0 - Baseline IndoBERT with Balanced Dataset
2025-07-04 10:59:02,923 - INFO - Configuration: {'model_name': 'indobenchmark/indobert-base-p1', 'dataset_path': 'data/processed/final_dataset_shuffled.csv', 'max_length': 128, 'batch_size': 16, 'learning_rate': 2e-05, 'num_epochs': 5, 'warmup_steps': 500, 'weight_decay': 0.01, 'save_steps': 500, 'eval_steps': 500, 'logging_steps': 100, 'early_stopping_patience': 3, 'test_size': 0.2, 'validation_size': 0.1, 'random_state': 42, 'use_class_weights': True, 'stratify': True}
2025-07-04 10:59:02,924 - INFO - Loading dataset from data/processed/final_dataset_shuffled.csv
2025-07-04 10:59:02,986 - INFO - Dataset shape: (41757, 8)
2025-07-04 10:59:02,990 - INFO - Final dataset shape after cleaning: (41757, 9)
2025-07-04 10:59:02,991 - INFO - Label distribution:
2025-07-04 10:59:02,991 - INFO -   Bukan Ujaran Kebencian: 20205 (48.39%)
2025-07-04 10:59:02,991 - INFO -   Ujaran Kebencian - Sedang: 8600 (20.60%)
2025-07-04 10:59:02,991 - INFO -   Ujaran Kebencian - Berat: 6711 (16.07%)
2025-07-04 10:59:02,993 - INFO -   Ujaran Kebencian - Ringan: 6241 (14.95%)
2025-07-04 10:59:02,993 - INFO - Imbalance ratio: 3.24:1
2025-07-04 10:59:02,994 - INFO - Creating stratified splits...
2025-07-04 10:59:03,009 - INFO - Train set: 29229 samples
2025-07-04 10:59:03,009 - INFO - Validation set: 4176 samples
2025-07-04 10:59:03,009 - INFO - Test set: 8352 samples
2025-07-04 10:59:03,011 - INFO - Train distribution: {0: np.int64(14143), 1: np.int64(4369), 2: np.int64(6020), 3: np.int64(4697)}
2025-07-04 10:59:03,011 - INFO - Validation distribution: {0: np.int64(2021), 1: np.int64(624), 2: np.int64(860), 3: np.int64(671)}
2025-07-04 10:59:03,011 - INFO - Test distribution: {0: np.int64(4041), 1: np.int64(1248), 2: np.int64(1720), 3: np.int64(1343)}
2025-07-04 10:59:03,012 - INFO - Loading model: indobenchmark/indobert-base-p1
2025-07-04 10:59:04,838 - INFO - Computing class weights for balanced training...
2025-07-04 10:59:04,841 - INFO - Class weights: {0: 0.5166690349578857, 1: 1.6725223064422607, 2: 1.2138289213180542, 3: 1.5557270050048828}
2025-07-04 10:59:05,156 - INFO - Starting training...
2025-07-04 10:59:40,803 - INFO - Starting Experiment 0 - Baseline IndoBERT with Balanced Dataset
2025-07-04 10:59:40,803 - INFO - Configuration: {'model_name': 'indobenchmark/indobert-base-p1', 'dataset_path': 'data/processed/final_dataset_shuffled.csv', 'max_length': 128, 'batch_size': 16, 'learning_rate': 2e-05, 'num_epochs': 5, 'warmup_steps': 500, 'weight_decay': 0.01, 'save_steps': 500, 'eval_steps': 500, 'logging_steps': 100, 'early_stopping_patience': 3, 'test_size': 0.2, 'validation_size': 0.1, 'random_state': 42, 'use_class_weights': True, 'stratify': True}
2025-07-04 10:59:40,804 - INFO - Loading dataset from data/processed/final_dataset_shuffled.csv
2025-07-04 10:59:40,859 - INFO - Dataset shape: (41757, 8)
2025-07-04 10:59:40,863 - INFO - Final dataset shape after cleaning: (41757, 9)
2025-07-04 10:59:40,864 - INFO - Label distribution:
2025-07-04 10:59:40,864 - INFO -   Bukan Ujaran Kebencian: 20205 (48.39%)
2025-07-04 10:59:40,864 - INFO -   Ujaran Kebencian - Sedang: 8600 (20.60%)
2025-07-04 10:59:40,864 - INFO -   Ujaran Kebencian - Berat: 6711 (16.07%)
2025-07-04 10:59:40,864 - INFO -   Ujaran Kebencian - Ringan: 6241 (14.95%)
2025-07-04 10:59:40,865 - INFO - Imbalance ratio: 3.24:1
2025-07-04 10:59:40,865 - INFO - Creating stratified splits...
2025-07-04 10:59:40,881 - INFO - Train set: 29229 samples
2025-07-04 10:59:40,881 - INFO - Validation set: 4176 samples
2025-07-04 10:59:40,881 - INFO - Test set: 8352 samples
2025-07-04 10:59:40,882 - INFO - Train distribution: {0: np.int64(14143), 1: np.int64(4369), 2: np.int64(6020), 3: np.int64(4697)}
2025-07-04 10:59:40,882 - INFO - Validation distribution: {0: np.int64(2021), 1: np.int64(624), 2: np.int64(860), 3: np.int64(671)}
2025-07-04 10:59:40,882 - INFO - Test distribution: {0: np.int64(4041), 1: np.int64(1248), 2: np.int64(1720), 3: np.int64(1343)}
2025-07-04 10:59:40,883 - INFO - Loading model: indobenchmark/indobert-base-p1
2025-07-04 10:59:42,706 - INFO - Computing class weights for balanced training...
2025-07-04 10:59:42,708 - INFO - Class weights: {0: 0.5166690349578857, 1: 1.6725223064422607, 2: 1.2138289213180542, 3: 1.5557270050048828}
2025-07-04 10:59:43,055 - INFO - Starting training...
