2025-07-04 11:02:52,780 - INFO - Starting Experiment 0 - Baseline IndoBERT with Balanced Dataset (Simple Version)
2025-07-04 11:02:52,803 - INFO - Configuration: {'model_name': 'indobenchmark/indobert-base-p1', 'dataset_path': 'final_dataset_shuffled.csv', 'max_length': 128, 'batch_size': 16, 'num_epochs': 10, 'learning_rate': 2e-05, 'weight_decay': 0.01, 'warmup_steps': 100, 'logging_steps': 50, 'eval_steps': 200, 'save_steps': 500, 'early_stopping_patience': 3, 'test_size': 0.2, 'validation_size': 0.2, 'random_state': 42, 'use_class_weights': True}
2025-07-04 11:02:52,805 - INFO - Loading dataset from final_dataset_shuffled.csv
2025-07-04 11:06:30,392 - INFO - Starting Experiment 0 - Baseline IndoBERT with Balanced Dataset (Simple Version)
2025-07-04 11:06:30,395 - INFO - Configuration: {'model_name': 'indobenchmark/indobert-base-p1', 'dataset_path': 'data/processed/final_dataset_shuffled.csv', 'max_length': 128, 'batch_size': 16, 'num_epochs': 10, 'learning_rate': 2e-05, 'weight_decay': 0.01, 'warmup_steps': 100, 'logging_steps': 50, 'eval_steps': 200, 'save_steps': 500, 'early_stopping_patience': 3, 'test_size': 0.2, 'validation_size': 0.2, 'random_state': 42, 'use_class_weights': True}
2025-07-04 11:06:30,397 - INFO - Loading dataset from data/processed/final_dataset_shuffled.csv
2025-07-04 11:06:30,454 - INFO - Dataset loaded with 41757 samples
2025-07-04 11:06:30,461 - WARNING - Found 41757 unmapped labels: ['negative' 'positive']
2025-07-04 11:06:30,464 - INFO - Dataset after removing unmapped labels: 0 samples
2025-07-04 11:06:30,464 - INFO - Label distribution:
2025-07-04 11:06:30,465 - INFO - Creating stratified splits...
2025-07-04 11:08:05,004 - INFO - Starting Experiment 0 - Baseline IndoBERT with Balanced Dataset (Simple Version)
2025-07-04 11:08:05,004 - INFO - Configuration: {'model_name': 'indobenchmark/indobert-base-p1', 'dataset_path': 'data/processed/final_dataset_shuffled.csv', 'max_length': 128, 'batch_size': 16, 'num_epochs': 10, 'learning_rate': 2e-05, 'weight_decay': 0.01, 'warmup_steps': 100, 'logging_steps': 50, 'eval_steps': 200, 'save_steps': 500, 'early_stopping_patience': 3, 'test_size': 0.2, 'validation_size': 0.2, 'random_state': 42, 'use_class_weights': True}
2025-07-04 11:08:05,006 - INFO - Loading dataset from data/processed/final_dataset_shuffled.csv
2025-07-04 11:08:05,067 - INFO - Dataset loaded with 41757 samples
2025-07-04 11:08:05,071 - INFO - Label distribution:
2025-07-04 11:08:05,071 - INFO -   Bukan Ujaran Kebencian: 20205 (48.39%)
2025-07-04 11:08:05,071 - INFO -   Ujaran Kebencian - Sedang: 8600 (20.60%)
2025-07-04 11:08:05,071 - INFO -   Ujaran Kebencian - Berat: 6711 (16.07%)
2025-07-04 11:08:05,071 - INFO -   Ujaran Kebencian - Ringan: 6241 (14.95%)
2025-07-04 11:08:05,071 - INFO - Creating stratified splits...
2025-07-04 11:08:05,087 - INFO - Train set: 26724 samples
2025-07-04 11:08:05,087 - INFO - Validation set: 6681 samples
2025-07-04 11:08:05,088 - INFO - Test set: 8352 samples
2025-07-04 11:08:05,088 - INFO - Train set distribution:
2025-07-04 11:08:05,088 - INFO -   Bukan Ujaran Kebencian: 12931 (48.39%)
2025-07-04 11:08:05,089 - INFO -   Ujaran Kebencian - Sedang: 5504 (20.60%)
2025-07-04 11:08:05,089 - INFO -   Ujaran Kebencian - Berat: 4295 (16.07%)
2025-07-04 11:08:05,089 - INFO -   Ujaran Kebencian - Ringan: 3994 (14.95%)
2025-07-04 11:08:05,089 - INFO - Validation set distribution:
2025-07-04 11:08:05,089 - INFO -   Bukan Ujaran Kebencian: 3233 (48.39%)
2025-07-04 11:08:05,090 - INFO -   Ujaran Kebencian - Sedang: 1376 (20.60%)
2025-07-04 11:08:05,090 - INFO -   Ujaran Kebencian - Berat: 1073 (16.06%)
2025-07-04 11:08:05,090 - INFO -   Ujaran Kebencian - Ringan: 999 (14.95%)
2025-07-04 11:08:05,090 - INFO - Test set distribution:
2025-07-04 11:08:05,090 - INFO -   Bukan Ujaran Kebencian: 4041 (48.38%)
2025-07-04 11:08:05,090 - INFO -   Ujaran Kebencian - Sedang: 1720 (20.59%)
2025-07-04 11:08:05,090 - INFO -   Ujaran Kebencian - Berat: 1343 (16.08%)
2025-07-04 11:08:05,091 - INFO -   Ujaran Kebencian - Ringan: 1248 (14.94%)
2025-07-04 11:08:05,091 - INFO - Loading model: indobenchmark/indobert-base-p1
2025-07-04 11:08:06,960 - INFO - Computing class weights for balanced training...
2025-07-04 11:08:06,962 - INFO - Class weights: {0: 0.5166653990745544, 1: 1.6727591753005981, 2: 1.2138444185256958, 3: 1.5555297136306763}
2025-07-04 11:08:32,217 - INFO - Starting Experiment 0 - Baseline IndoBERT with Balanced Dataset (Simple Version)
2025-07-04 11:08:32,218 - INFO - Configuration: {'model_name': 'indobenchmark/indobert-base-p1', 'dataset_path': 'data/processed/final_dataset_shuffled.csv', 'max_length': 128, 'batch_size': 16, 'num_epochs': 10, 'learning_rate': 2e-05, 'weight_decay': 0.01, 'warmup_steps': 100, 'logging_steps': 50, 'eval_steps': 200, 'save_steps': 400, 'early_stopping_patience': 3, 'test_size': 0.2, 'validation_size': 0.2, 'random_state': 42, 'use_class_weights': True}
2025-07-04 11:08:32,219 - INFO - Loading dataset from data/processed/final_dataset_shuffled.csv
2025-07-04 11:08:32,274 - INFO - Dataset loaded with 41757 samples
2025-07-04 11:08:32,277 - INFO - Label distribution:
2025-07-04 11:08:32,277 - INFO -   Bukan Ujaran Kebencian: 20205 (48.39%)
2025-07-04 11:08:32,277 - INFO -   Ujaran Kebencian - Sedang: 8600 (20.60%)
2025-07-04 11:08:32,278 - INFO -   Ujaran Kebencian - Berat: 6711 (16.07%)
2025-07-04 11:08:32,278 - INFO -   Ujaran Kebencian - Ringan: 6241 (14.95%)
2025-07-04 11:08:32,278 - INFO - Creating stratified splits...
2025-07-04 11:08:32,294 - INFO - Train set: 26724 samples
2025-07-04 11:08:32,294 - INFO - Validation set: 6681 samples
2025-07-04 11:08:32,294 - INFO - Test set: 8352 samples
2025-07-04 11:08:32,295 - INFO - Train set distribution:
2025-07-04 11:08:32,295 - INFO -   Bukan Ujaran Kebencian: 12931 (48.39%)
2025-07-04 11:08:32,296 - INFO -   Ujaran Kebencian - Sedang: 5504 (20.60%)
2025-07-04 11:08:32,296 - INFO -   Ujaran Kebencian - Berat: 4295 (16.07%)
2025-07-04 11:08:32,296 - INFO -   Ujaran Kebencian - Ringan: 3994 (14.95%)
2025-07-04 11:08:32,296 - INFO - Validation set distribution:
2025-07-04 11:08:32,296 - INFO -   Bukan Ujaran Kebencian: 3233 (48.39%)
2025-07-04 11:08:32,296 - INFO -   Ujaran Kebencian - Sedang: 1376 (20.60%)
2025-07-04 11:08:32,296 - INFO -   Ujaran Kebencian - Berat: 1073 (16.06%)
2025-07-04 11:08:32,297 - INFO -   Ujaran Kebencian - Ringan: 999 (14.95%)
2025-07-04 11:08:32,297 - INFO - Test set distribution:
2025-07-04 11:08:32,297 - INFO -   Bukan Ujaran Kebencian: 4041 (48.38%)
2025-07-04 11:08:32,297 - INFO -   Ujaran Kebencian - Sedang: 1720 (20.59%)
2025-07-04 11:08:32,297 - INFO -   Ujaran Kebencian - Berat: 1343 (16.08%)
2025-07-04 11:08:32,297 - INFO -   Ujaran Kebencian - Ringan: 1248 (14.94%)
2025-07-04 11:08:32,298 - INFO - Loading model: indobenchmark/indobert-base-p1
2025-07-04 11:08:34,123 - INFO - Computing class weights for balanced training...
2025-07-04 11:08:34,125 - INFO - Class weights: {0: 0.5166653990745544, 1: 1.6727591753005981, 2: 1.2138444185256958, 3: 1.5555297136306763}
2025-07-04 11:08:34,598 - INFO - Starting training...
2025-07-04 11:10:20,162 - INFO - Starting Experiment 0 - Baseline IndoBERT with Balanced Dataset (Simple Version)
2025-07-04 11:10:20,162 - INFO - Configuration: {'model_name': 'indobenchmark/indobert-base-p1', 'dataset_path': 'data/processed/final_dataset_shuffled.csv', 'max_length': 128, 'batch_size': 16, 'num_epochs': 10, 'learning_rate': 2e-05, 'weight_decay': 0.01, 'warmup_steps': 100, 'logging_steps': 50, 'eval_steps': 200, 'save_steps': 400, 'early_stopping_patience': 3, 'test_size': 0.2, 'validation_size': 0.2, 'random_state': 42, 'use_class_weights': True}
2025-07-04 11:10:20,164 - INFO - Loading dataset from data/processed/final_dataset_shuffled.csv
2025-07-04 11:10:20,222 - INFO - Dataset loaded with 41757 samples
2025-07-04 11:10:20,225 - INFO - Label distribution:
2025-07-04 11:10:20,225 - INFO -   Bukan Ujaran Kebencian: 20205 (48.39%)
2025-07-04 11:10:20,225 - INFO -   Ujaran Kebencian - Sedang: 8600 (20.60%)
2025-07-04 11:10:20,226 - INFO -   Ujaran Kebencian - Berat: 6711 (16.07%)
2025-07-04 11:10:20,226 - INFO -   Ujaran Kebencian - Ringan: 6241 (14.95%)
2025-07-04 11:10:20,226 - INFO - Creating stratified splits...
2025-07-04 11:10:20,244 - INFO - Train set: 26724 samples
2025-07-04 11:10:20,245 - INFO - Validation set: 6681 samples
2025-07-04 11:10:20,245 - INFO - Test set: 8352 samples
2025-07-04 11:10:20,245 - INFO - Train set distribution:
2025-07-04 11:10:20,246 - INFO -   Bukan Ujaran Kebencian: 12931 (48.39%)
2025-07-04 11:10:20,246 - INFO -   Ujaran Kebencian - Sedang: 5504 (20.60%)
2025-07-04 11:10:20,246 - INFO -   Ujaran Kebencian - Berat: 4295 (16.07%)
2025-07-04 11:10:20,246 - INFO -   Ujaran Kebencian - Ringan: 3994 (14.95%)
2025-07-04 11:10:20,246 - INFO - Validation set distribution:
2025-07-04 11:10:20,247 - INFO -   Bukan Ujaran Kebencian: 3233 (48.39%)
2025-07-04 11:10:20,247 - INFO -   Ujaran Kebencian - Sedang: 1376 (20.60%)
2025-07-04 11:10:20,247 - INFO -   Ujaran Kebencian - Berat: 1073 (16.06%)
2025-07-04 11:10:20,247 - INFO -   Ujaran Kebencian - Ringan: 999 (14.95%)
2025-07-04 11:10:20,247 - INFO - Test set distribution:
2025-07-04 11:10:20,247 - INFO -   Bukan Ujaran Kebencian: 4041 (48.38%)
2025-07-04 11:10:20,247 - INFO -   Ujaran Kebencian - Sedang: 1720 (20.59%)
2025-07-04 11:10:20,247 - INFO -   Ujaran Kebencian - Berat: 1343 (16.08%)
2025-07-04 11:10:20,247 - INFO -   Ujaran Kebencian - Ringan: 1248 (14.94%)
2025-07-04 11:10:20,248 - INFO - Loading model: indobenchmark/indobert-base-p1
2025-07-04 11:10:22,138 - INFO - Computing class weights for balanced training...
2025-07-04 11:10:22,141 - INFO - Class weights: {0: 0.5166653990745544, 1: 1.6727591753005981, 2: 1.2138444185256958, 3: 1.5555297136306763}
2025-07-04 11:10:22,656 - INFO - Starting training...
2025-07-04 11:12:30,659 - INFO - Starting Experiment 0 - Baseline IndoBERT with Balanced Dataset (Simple Version)
2025-07-04 11:12:30,659 - INFO - Configuration: {'model_name': 'indobenchmark/indobert-base-p1', 'dataset_path': 'data/processed/final_dataset_shuffled.csv', 'max_length': 128, 'batch_size': 16, 'num_epochs': 10, 'learning_rate': 2e-05, 'weight_decay': 0.01, 'warmup_steps': 100, 'logging_steps': 50, 'eval_steps': 200, 'save_steps': 400, 'early_stopping_patience': 3, 'test_size': 0.2, 'validation_size': 0.2, 'random_state': 42, 'use_class_weights': True}
2025-07-04 11:12:30,661 - INFO - Loading dataset from data/processed/final_dataset_shuffled.csv
2025-07-04 11:12:30,717 - INFO - Dataset loaded with 41757 samples
2025-07-04 11:12:30,721 - INFO - Label distribution:
2025-07-04 11:12:30,721 - INFO -   Bukan Ujaran Kebencian: 20205 (48.39%)
2025-07-04 11:12:30,721 - INFO -   Ujaran Kebencian - Sedang: 8600 (20.60%)
2025-07-04 11:12:30,721 - INFO -   Ujaran Kebencian - Berat: 6711 (16.07%)
2025-07-04 11:12:30,721 - INFO -   Ujaran Kebencian - Ringan: 6241 (14.95%)
2025-07-04 11:12:30,721 - INFO - Creating stratified splits...
2025-07-04 11:12:30,737 - INFO - Train set: 26724 samples
2025-07-04 11:12:30,737 - INFO - Validation set: 6681 samples
2025-07-04 11:12:30,737 - INFO - Test set: 8352 samples
2025-07-04 11:12:30,737 - INFO - Train set distribution:
2025-07-04 11:12:30,738 - INFO -   Bukan Ujaran Kebencian: 12931 (48.39%)
2025-07-04 11:12:30,739 - INFO -   Ujaran Kebencian - Sedang: 5504 (20.60%)
2025-07-04 11:12:30,739 - INFO -   Ujaran Kebencian - Berat: 4295 (16.07%)
2025-07-04 11:12:30,739 - INFO -   Ujaran Kebencian - Ringan: 3994 (14.95%)
2025-07-04 11:12:30,739 - INFO - Validation set distribution:
2025-07-04 11:12:30,740 - INFO -   Bukan Ujaran Kebencian: 3233 (48.39%)
2025-07-04 11:12:30,740 - INFO -   Ujaran Kebencian - Sedang: 1376 (20.60%)
2025-07-04 11:12:30,740 - INFO -   Ujaran Kebencian - Berat: 1073 (16.06%)
2025-07-04 11:12:30,740 - INFO -   Ujaran Kebencian - Ringan: 999 (14.95%)
2025-07-04 11:12:30,740 - INFO - Test set distribution:
2025-07-04 11:12:30,740 - INFO -   Bukan Ujaran Kebencian: 4041 (48.38%)
2025-07-04 11:12:30,740 - INFO -   Ujaran Kebencian - Sedang: 1720 (20.59%)
2025-07-04 11:12:30,740 - INFO -   Ujaran Kebencian - Berat: 1343 (16.08%)
2025-07-04 11:12:30,741 - INFO -   Ujaran Kebencian - Ringan: 1248 (14.94%)
2025-07-04 11:12:30,741 - INFO - Loading model: indobenchmark/indobert-base-p1
2025-07-04 11:12:32,615 - INFO - Computing class weights for balanced training...
2025-07-04 11:12:32,617 - INFO - Class weights: {0: 0.5166653990745544, 1: 1.6727591753005981, 2: 1.2138444185256958, 3: 1.5555297136306763}
2025-07-04 11:12:33,177 - INFO - Starting training...
2025-07-04 11:13:20,935 - INFO - Starting Experiment 0 - Baseline IndoBERT with Balanced Dataset (Simple Version)
2025-07-04 11:13:20,935 - INFO - Configuration: {'model_name': 'indobenchmark/indobert-base-p1', 'dataset_path': 'data/processed/final_dataset_shuffled.csv', 'max_length': 128, 'batch_size': 16, 'num_epochs': 10, 'learning_rate': 2e-05, 'weight_decay': 0.01, 'warmup_steps': 100, 'logging_steps': 50, 'eval_steps': 200, 'save_steps': 400, 'early_stopping_patience': 3, 'test_size': 0.2, 'validation_size': 0.2, 'random_state': 42, 'use_class_weights': True}
2025-07-04 11:13:20,936 - INFO - Loading dataset from data/processed/final_dataset_shuffled.csv
2025-07-04 11:13:20,999 - INFO - Dataset loaded with 41757 samples
2025-07-04 11:13:21,003 - INFO - Label distribution:
2025-07-04 11:13:21,004 - INFO -   Bukan Ujaran Kebencian: 20205 (48.39%)
2025-07-04 11:13:21,004 - INFO -   Ujaran Kebencian - Sedang: 8600 (20.60%)
2025-07-04 11:13:21,004 - INFO -   Ujaran Kebencian - Berat: 6711 (16.07%)
2025-07-04 11:13:21,004 - INFO -   Ujaran Kebencian - Ringan: 6241 (14.95%)
2025-07-04 11:13:21,004 - INFO - Creating stratified splits...
2025-07-04 11:13:21,020 - INFO - Train set: 26724 samples
2025-07-04 11:13:21,021 - INFO - Validation set: 6681 samples
2025-07-04 11:13:21,021 - INFO - Test set: 8352 samples
2025-07-04 11:13:21,021 - INFO - Train set distribution:
2025-07-04 11:13:21,022 - INFO -   Bukan Ujaran Kebencian: 12931 (48.39%)
2025-07-04 11:13:21,022 - INFO -   Ujaran Kebencian - Sedang: 5504 (20.60%)
2025-07-04 11:13:21,022 - INFO -   Ujaran Kebencian - Berat: 4295 (16.07%)
2025-07-04 11:13:21,022 - INFO -   Ujaran Kebencian - Ringan: 3994 (14.95%)
2025-07-04 11:13:21,022 - INFO - Validation set distribution:
2025-07-04 11:13:21,023 - INFO -   Bukan Ujaran Kebencian: 3233 (48.39%)
2025-07-04 11:13:21,023 - INFO -   Ujaran Kebencian - Sedang: 1376 (20.60%)
2025-07-04 11:13:21,023 - INFO -   Ujaran Kebencian - Berat: 1073 (16.06%)
2025-07-04 11:13:21,023 - INFO -   Ujaran Kebencian - Ringan: 999 (14.95%)
2025-07-04 11:13:21,023 - INFO - Test set distribution:
2025-07-04 11:13:21,023 - INFO -   Bukan Ujaran Kebencian: 4041 (48.38%)
2025-07-04 11:13:21,023 - INFO -   Ujaran Kebencian - Sedang: 1720 (20.59%)
2025-07-04 11:13:21,023 - INFO -   Ujaran Kebencian - Berat: 1343 (16.08%)
2025-07-04 11:13:21,023 - INFO -   Ujaran Kebencian - Ringan: 1248 (14.94%)
2025-07-04 11:13:21,024 - INFO - Loading model: indobenchmark/indobert-base-p1
2025-07-04 11:13:22,996 - INFO - Computing class weights for balanced training...
2025-07-04 11:13:22,998 - INFO - Class weights: {0: 0.5166653990745544, 1: 1.6727591753005981, 2: 1.2138444185256958, 3: 1.5555297136306763}
2025-07-04 11:13:23,590 - INFO - Starting training...
2025-07-04 11:21:02,142 - INFO - Training completed in 458.55 seconds
2025-07-04 11:21:02,143 - INFO - Evaluating on test set...
2025-07-04 11:21:22,917 - INFO - === EXPERIMENT RESULTS ===
2025-07-04 11:21:22,917 - INFO - Test Accuracy: 0.6651
2025-07-04 11:21:22,917 - INFO - Test F1-Macro: 0.6236
2025-07-04 11:21:22,917 - INFO - Test Precision-Macro: 0.6192
2025-07-04 11:21:22,917 - INFO - Test Recall-Macro: 0.6288
2025-07-04 11:21:22,917 - INFO - Training Time: 458.55 seconds
2025-07-04 11:21:22,917 - INFO - 
=== PER-CLASS RESULTS ===
2025-07-04 11:21:22,922 - INFO - Bukan Ujaran Kebencian:
2025-07-04 11:21:22,922 - INFO -   Precision: 0.7747
2025-07-04 11:21:22,922 - INFO -   Recall: 0.7454
2025-07-04 11:21:22,922 - INFO -   F1-Score: 0.7597
2025-07-04 11:21:22,922 - INFO -   Support: 4041.0
2025-07-04 11:21:22,923 - INFO - Ujaran Kebencian - Ringan:
2025-07-04 11:21:22,923 - INFO -   Precision: 0.5020
2025-07-04 11:21:22,923 - INFO -   Recall: 0.5016
2025-07-04 11:21:22,923 - INFO -   F1-Score: 0.5018
2025-07-04 11:21:22,923 - INFO -   Support: 1248.0
2025-07-04 11:21:22,923 - INFO - Ujaran Kebencian - Sedang:
2025-07-04 11:21:22,923 - INFO -   Precision: 0.5549
2025-07-04 11:21:22,923 - INFO -   Recall: 0.5669
2025-07-04 11:21:22,923 - INFO -   F1-Score: 0.5608
2025-07-04 11:21:22,923 - INFO -   Support: 1720.0
2025-07-04 11:21:22,923 - INFO - Ujaran Kebencian - Berat:
2025-07-04 11:21:22,923 - INFO -   Precision: 0.6452
2025-07-04 11:21:22,923 - INFO -   Recall: 0.7014
2025-07-04 11:21:22,923 - INFO -   F1-Score: 0.6721
2025-07-04 11:21:22,923 - INFO -   Support: 1343.0
2025-07-04 11:21:22,923 - INFO - macro avg:
2025-07-04 11:21:22,923 - INFO -   Precision: 0.6192
2025-07-04 11:21:22,924 - INFO -   Recall: 0.6288
2025-07-04 11:21:22,924 - INFO -   F1-Score: 0.6236
2025-07-04 11:21:22,924 - INFO -   Support: 8352.0
2025-07-04 11:21:22,924 - INFO - weighted avg:
2025-07-04 11:21:22,924 - INFO -   Precision: 0.6679
2025-07-04 11:21:22,924 - INFO -   Recall: 0.6651
2025-07-04 11:21:22,924 - INFO -   F1-Score: 0.6661
2025-07-04 11:21:22,924 - INFO -   Support: 8352.0
2025-07-04 11:21:22,924 - INFO - 
=== CONFUSION MATRIX ===
2025-07-04 11:21:22,925 - INFO - Confusion Matrix:
[[3012  408  361  260]
 [ 322  626  239   61]
 [ 357  191  975  197]
 [ 197   22  182  942]]
2025-07-04 11:21:22,925 - INFO - 
=== IMPROVEMENTS IMPLEMENTED ===
2025-07-04 11:21:22,926 - INFO - - Class weighting (balanced)
2025-07-04 11:21:22,926 - INFO - - Stratified train/validation/test splits
2025-07-04 11:21:22,926 - INFO - - Comprehensive per-class evaluation
2025-07-04 11:21:22,926 - INFO - - Early stopping with F1-macro monitoring
2025-07-04 11:21:22,926 - INFO - Experiment completed successfully!
