2025-07-06 14:01:36,438 - INFO - Starting Experiment 1: IndoBERT Large Fine-tuning (Simple)
2025-07-06 14:01:36,441 - INFO - Using device: cpu
2025-07-06 14:01:36,442 - INFO - Loading data from ../src/data_collection/hasil-labeling.csv
2025-07-06 14:01:36,700 - INFO - Dataset shape: (41757, 8)
2025-07-06 14:01:36,747 - INFO - Class distribution:
2025-07-06 14:01:36,748 - INFO -   Bukan Ujaran Kebencian: 20205 (48.39%)
2025-07-06 14:01:36,748 - INFO -   Ujaran Kebencian - Ringan: 6241 (14.95%)
2025-07-06 14:01:36,748 - INFO -   Ujaran Kebencian - Sedang: 8600 (20.60%)
2025-07-06 14:01:36,749 - INFO -   Ujaran Kebencian - Berat: 6711 (16.07%)
2025-07-06 14:01:36,781 - INFO - Training samples: 33405
2025-07-06 14:01:36,782 - INFO - Test samples: 8352
2025-07-06 14:01:36,783 - INFO - Loading tokenizer and model: indobenchmark/indobert-large-p1
2025-07-06 14:01:44,702 - ERROR - Experiment failed: TrainingArguments.__init__() got an unexpected keyword argument 'evaluation_strategy'
2025-07-06 14:03:07,427 - INFO - Starting Experiment 1: IndoBERT Large Fine-tuning (Simple)
2025-07-06 14:03:07,428 - INFO - Using device: cpu
2025-07-06 14:03:07,428 - INFO - Loading data from ../src/data_collection/hasil-labeling.csv
2025-07-06 14:03:07,695 - INFO - Dataset shape: (41757, 8)
2025-07-06 14:03:07,730 - INFO - Class distribution:
2025-07-06 14:03:07,730 - INFO -   Bukan Ujaran Kebencian: 20205 (48.39%)
2025-07-06 14:03:07,731 - INFO -   Ujaran Kebencian - Ringan: 6241 (14.95%)
2025-07-06 14:03:07,731 - INFO -   Ujaran Kebencian - Sedang: 8600 (20.60%)
2025-07-06 14:03:07,731 - INFO -   Ujaran Kebencian - Berat: 6711 (16.07%)
2025-07-06 14:03:07,759 - INFO - Training samples: 33405
2025-07-06 14:03:07,759 - INFO - Test samples: 8352
2025-07-06 14:03:07,760 - INFO - Loading tokenizer and model: indobenchmark/indobert-large-p1
2025-07-06 14:03:12,730 - ERROR - Experiment failed: Using the `Trainer` with `PyTorch` requires `accelerate>=0.26.0`: Please run `pip install transformers[torch]` or `pip install 'accelerate>=0.26.0'`
2025-07-06 14:05:13,870 - INFO - Starting Experiment 1: IndoBERT Large Fine-tuning (Simple)
2025-07-06 14:05:13,871 - INFO - Using device: cpu
2025-07-06 14:05:13,871 - WARNING - No GPU detected, using CPU (training will be slower)
2025-07-06 14:05:13,871 - INFO - Loading data from ../src/data_collection/hasil-labeling.csv
2025-07-06 14:05:14,118 - INFO - Dataset shape: (41757, 8)
2025-07-06 14:05:14,153 - INFO - Class distribution:
2025-07-06 14:05:14,153 - INFO -   Bukan Ujaran Kebencian: 20205 (48.39%)
2025-07-06 14:05:14,154 - INFO -   Ujaran Kebencian - Ringan: 6241 (14.95%)
2025-07-06 14:05:14,154 - INFO -   Ujaran Kebencian - Sedang: 8600 (20.60%)
2025-07-06 14:05:14,154 - INFO -   Ujaran Kebencian - Berat: 6711 (16.07%)
2025-07-06 14:05:14,184 - INFO - Training samples: 33405
2025-07-06 14:05:14,184 - INFO - Test samples: 8352
2025-07-06 14:05:14,184 - INFO - Loading tokenizer and model: indobenchmark/indobert-large-p1
2025-07-06 14:05:20,202 - INFO - Model moved to device: cpu
2025-07-06 14:05:20,322 - INFO - Starting training...
2025-07-06 14:42:40,340 - INFO - Starting Experiment 1: IndoBERT Large Fine-tuning (Simple)
2025-07-06 14:42:40,385 - INFO - Using device: cuda
2025-07-06 14:42:40,392 - INFO - GPU detected: NVIDIA GeForce RTX 3060 Ti
2025-07-06 14:42:40,392 - INFO - GPU memory: 8.0 GB
2025-07-06 14:42:40,393 - INFO - Mixed precision training: ENABLED
2025-07-06 14:42:40,393 - INFO - Loading data from ../src/data_collection/hasil-labeling.csv
2025-07-06 14:42:40,808 - INFO - Dataset shape: (41757, 8)
2025-07-06 14:42:40,885 - INFO - Class distribution:
2025-07-06 14:42:40,917 - INFO -   Bukan Ujaran Kebencian: 20205 (48.39%)
2025-07-06 14:42:40,933 - INFO -   Ujaran Kebencian - Ringan: 6241 (14.95%)
2025-07-06 14:42:40,954 - INFO -   Ujaran Kebencian - Sedang: 8600 (20.60%)
2025-07-06 14:42:40,966 - INFO -   Ujaran Kebencian - Berat: 6711 (16.07%)
2025-07-06 14:42:40,996 - INFO - Training samples: 33405
2025-07-06 14:42:40,999 - INFO - Test samples: 8352
2025-07-06 14:42:41,012 - INFO - Loading tokenizer and model: indobenchmark/indobert-large-p1
2025-07-06 14:42:48,505 - INFO - Model moved to device: cuda
2025-07-06 14:42:48,739 - INFO - Starting training...
